<?xml version="1.0" encoding="UTF-8"?>
<!-- Generated by org.testng.reporters.JUnitXMLReporter -->
<testsuite ignored="0" hostname="DESKTOP-FFSC7GE" failures="0" tests="3" name="Default test" time="4.329" errors="0" timestamp="2024-07-15T00:26:45 IST">
  <testcase classname="com.CRM.TestCase.HomePageTestCase" name="verifyUrl" time="0.022"/>
  <testcase classname="com.CRM.TestCase.HomePageTestCase" name="verifyTitle" time="0.013"/>
  <testcase classname="com.CRM.TestCase.HomePageTestCase" name="validateSignInLink" time="0.983"/>
</testsuite> <!-- Default test -->
