<?xml version="1.0" encoding="UTF-8"?>
<!-- Generated by org.testng.reporters.JUnitXMLReporter -->
<testsuite ignored="0" hostname="DESKTOP-FFSC7GE" failures="0" tests="3" name="HomePageTest" time="5.756" errors="0" timestamp="2024-07-22T00:10:46 IST">
  <testcase classname="com.CRM.TestCase.HomePageTestCase" name="verifyUrl" time="0.028"/>
  <testcase classname="com.CRM.TestCase.HomePageTestCase" name="verifyTitle" time="0.013"/>
  <testcase classname="com.CRM.TestCase.HomePageTestCase" name="validateSignInLink" time="1.121"/>
</testsuite> <!-- HomePageTest -->
