<?xml version="1.0" encoding="UTF-8"?>
<!-- Generated by org.testng.reporters.JUnitXMLReporter -->
<testsuite ignored="1" hostname="DESKTOP-FFSC7GE" failures="0" tests="4" name="My Test" time="4.662" errors="0" timestamp="2024-07-15T00:42:59 IST">
  <testcase classname="com.CRM.TestCase.LoginPageTestCase" name="@BeforeClass pageSetup" time="0.0">
    <failure type="java.lang.NullPointerException" message="Cannot invoke &amp;quot;com.CRM.Pages.HomePage.getStatusOfLink()&amp;quot; because &amp;quot;this.hp&amp;quot; is null">
      <![CDATA[java.lang.NullPointerException: Cannot invoke "com.CRM.Pages.HomePage.getStatusOfLink()" because "this.hp" is null
at com.CRM.TestCase.LoginPageTestCase.pageSetup(LoginPageTestCase.java:12)
at java.base/java.util.ArrayList.forEach(ArrayList.java:1511)
... Removed 25 stack frames]]>
    </failure>
  </testcase> <!-- @BeforeClass pageSetup -->
  <testcase classname="com.CRM.TestCase.HomePageTestCase" name="verifyUrl" time="0.021"/>
  <testcase classname="com.CRM.TestCase.HomePageTestCase" name="verifyTitle" time="0.018"/>
  <testcase classname="com.CRM.TestCase.HomePageTestCase" name="validateSignInLink" time="1.113"/>
  <testcase classname="com.CRM.TestCase.LoginPageTestCase" name="validateLogin" time="0.0">
    <skipped/>
  </testcase> <!-- validateLogin -->
  <testcase classname="com.CRM.TestCase.BaseClass" name="@BeforeTest setup" time="0.0">
    <ignored/>
  </testcase> <!-- @BeforeTest setup -->
</testsuite> <!-- My Test -->
