<?xml version="1.0" encoding="UTF-8"?>
<testng-results ignored="0" total="4" passed="4" failed="0" skipped="0">
  <reporter-output>
  </reporter-output>
  <suite started-at="2024-07-24T01:56:23 IST" name="My Suite" finished-at="2024-07-24T01:56:37 IST" duration-ms="13923">
    <groups>
    </groups>
    <test started-at="2024-07-24T01:56:23 IST" name="HomePageTest" finished-at="2024-07-24T01:56:30 IST" duration-ms="7150">
      <class name="com.CRM.TestCase.HomePageTestCase">
        <test-method is-config="true" signature="setup()[pri:0, instance:com.CRM.TestCase.HomePageTestCase@53aac487]" started-at="2024-07-24T01:56:23 IST" name="setup" finished-at="2024-07-24T01:56:29 IST" duration-ms="5817" status="PASS">
          <reporter-output>
          </reporter-output>
        </test-method> <!-- setup -->
        <test-method signature="verifyUrl()[pri:1, instance:com.CRM.TestCase.HomePageTestCase@53aac487]" started-at="2024-07-24T01:56:29 IST" name="verifyUrl" finished-at="2024-07-24T01:56:29 IST" duration-ms="11" status="PASS">
          <reporter-output>
          </reporter-output>
        </test-method> <!-- verifyUrl -->
        <test-method signature="verifyTitle()[pri:2, instance:com.CRM.TestCase.HomePageTestCase@53aac487]" started-at="2024-07-24T01:56:29 IST" name="verifyTitle" finished-at="2024-07-24T01:56:29 IST" duration-ms="16" status="PASS">
          <reporter-output>
          </reporter-output>
        </test-method> <!-- verifyTitle -->
        <test-method signature="validateSignInLink()[pri:3, instance:com.CRM.TestCase.HomePageTestCase@53aac487]" started-at="2024-07-24T01:56:29 IST" name="validateSignInLink" finished-at="2024-07-24T01:56:30 IST" duration-ms="1249" status="PASS">
          <reporter-output>
          </reporter-output>
        </test-method> <!-- validateSignInLink -->
      </class> <!-- com.CRM.TestCase.HomePageTestCase -->
    </test> <!-- HomePageTest -->
    <test started-at="2024-07-24T01:56:30 IST" name="LoginPageTest" finished-at="2024-07-24T01:56:37 IST" duration-ms="6684">
      <class name="com.CRM.TestCase.LoginPageTestCase">
        <test-method is-config="true" signature="setup()[pri:0, instance:com.CRM.TestCase.LoginPageTestCase@2e385cce]" started-at="2024-07-24T01:56:30 IST" name="setup" finished-at="2024-07-24T01:56:34 IST" duration-ms="3824" status="PASS">
          <reporter-output>
          </reporter-output>
        </test-method> <!-- setup -->
        <test-method is-config="true" signature="pageSetup()[pri:0, instance:com.CRM.TestCase.LoginPageTestCase@2e385cce]" started-at="2024-07-24T01:56:34 IST" name="pageSetup" finished-at="2024-07-24T01:56:36 IST" duration-ms="1312" status="PASS">
          <reporter-output>
          </reporter-output>
        </test-method> <!-- pageSetup -->
        <test-method signature="validateLogin()[pri:0, instance:com.CRM.TestCase.LoginPageTestCase@2e385cce]" started-at="2024-07-24T01:56:36 IST" name="validateLogin" finished-at="2024-07-24T01:56:37 IST" duration-ms="1548" status="PASS">
          <reporter-output>
          </reporter-output>
        </test-method> <!-- validateLogin -->
      </class> <!-- com.CRM.TestCase.LoginPageTestCase -->
    </test> <!-- LoginPageTest -->
  </suite> <!-- My Suite -->
</testng-results>
