<?xml version="1.0" encoding="UTF-8"?>
<testng-results ignored="0" total="3" passed="3" failed="0" skipped="0">
  <reporter-output>
  </reporter-output>
  <suite started-at="2024-07-24T00:52:32 IST" name="Suite" finished-at="2024-07-24T00:53:18 IST" duration-ms="46174">
    <groups>
    </groups>
    <test started-at="2024-07-24T00:52:32 IST" name="Chrome Test" finished-at="2024-07-24T00:53:10 IST" duration-ms="38225">
      <class name="SeleniumGrid.AmazonParallelTest">
        <test-method signature="crossBrowserTest(java.lang.String)[pri:0, instance:SeleniumGrid.AmazonParallelTest@17497425]" started-at="2024-07-24T00:52:32 IST" name="crossBrowserTest" finished-at="2024-07-24T00:53:10 IST" duration-ms="38041" status="PASS">
          <params>
            <param index="0">
              <value>
                <![CDATA[Chrome]]>
              </value>
            </param>
          </params>
          <reporter-output>
          </reporter-output>
        </test-method> <!-- crossBrowserTest -->
      </class> <!-- SeleniumGrid.AmazonParallelTest -->
    </test> <!-- Chrome Test -->
    <test started-at="2024-07-24T00:52:32 IST" name="Edge Test" finished-at="2024-07-24T00:53:14 IST" duration-ms="42556">
      <class name="SeleniumGrid.AmazonParallelTest">
        <test-method signature="crossBrowserTest(java.lang.String)[pri:0, instance:SeleniumGrid.AmazonParallelTest@1c7696c6]" started-at="2024-07-24T00:52:32 IST" name="crossBrowserTest" finished-at="2024-07-24T00:53:14 IST" duration-ms="42481" status="PASS">
          <params>
            <param index="0">
              <value>
                <![CDATA[Edge]]>
              </value>
            </param>
          </params>
          <reporter-output>
          </reporter-output>
        </test-method> <!-- crossBrowserTest -->
      </class> <!-- SeleniumGrid.AmazonParallelTest -->
    </test> <!-- Edge Test -->
    <test started-at="2024-07-24T00:52:32 IST" name="Firefox Test" finished-at="2024-07-24T00:53:18 IST" duration-ms="46174">
      <class name="SeleniumGrid.AmazonParallelTest">
        <test-method signature="crossBrowserTest(java.lang.String)[pri:0, instance:SeleniumGrid.AmazonParallelTest@1ffaf86]" started-at="2024-07-24T00:52:32 IST" name="crossBrowserTest" finished-at="2024-07-24T00:53:18 IST" duration-ms="46099" status="PASS">
          <params>
            <param index="0">
              <value>
                <![CDATA[Firefox]]>
              </value>
            </param>
          </params>
          <reporter-output>
          </reporter-output>
        </test-method> <!-- crossBrowserTest -->
      </class> <!-- SeleniumGrid.AmazonParallelTest -->
    </test> <!-- Firefox Test -->
  </suite> <!-- Suite -->
</testng-results>
