<?xml version="1.0" encoding="UTF-8"?>
<testng-results ignored="0" total="3" passed="3" failed="0" skipped="0">
  <reporter-output>
  </reporter-output>
  <suite started-at="2024-07-22T16:10:01 IST" name="Suite" finished-at="2024-07-22T16:10:37 IST" duration-ms="35352">
    <groups>
    </groups>
    <test started-at="2024-07-22T16:10:01 IST" name="Firefox Test" finished-at="2024-07-22T16:10:32 IST" duration-ms="30665">
      <class name="SeleniumGrid.AmazonParallelTest">
        <test-method signature="crossBrowserTest(java.lang.String)[pri:0, instance:SeleniumGrid.AmazonParallelTest@13e344d]" started-at="2024-07-22T16:10:01 IST" name="crossBrowserTest" finished-at="2024-07-22T16:10:32 IST" duration-ms="30595" status="PASS">
          <params>
            <param index="0">
              <value>
                <![CDATA[Firefox]]>
              </value>
            </param>
          </params>
          <reporter-output>
          </reporter-output>
        </test-method> <!-- crossBrowserTest -->
      </class> <!-- SeleniumGrid.AmazonParallelTest -->
    </test> <!-- Firefox Test -->
    <test started-at="2024-07-22T16:10:01 IST" name="Edge Test" finished-at="2024-07-22T16:10:36 IST" duration-ms="34289">
      <class name="SeleniumGrid.AmazonParallelTest">
        <test-method signature="crossBrowserTest(java.lang.String)[pri:0, instance:SeleniumGrid.AmazonParallelTest@6c1a5b54]" started-at="2024-07-22T16:10:01 IST" name="crossBrowserTest" finished-at="2024-07-22T16:10:36 IST" duration-ms="34228" status="PASS">
          <params>
            <param index="0">
              <value>
                <![CDATA[Edge]]>
              </value>
            </param>
          </params>
          <reporter-output>
          </reporter-output>
        </test-method> <!-- crossBrowserTest -->
      </class> <!-- SeleniumGrid.AmazonParallelTest -->
    </test> <!-- Edge Test -->
    <test started-at="2024-07-22T16:10:01 IST" name="Chrome Test" finished-at="2024-07-22T16:10:37 IST" duration-ms="35352">
      <class name="SeleniumGrid.AmazonParallelTest">
        <test-method signature="crossBrowserTest(java.lang.String)[pri:0, instance:SeleniumGrid.AmazonParallelTest@194bcebf]" started-at="2024-07-22T16:10:01 IST" name="crossBrowserTest" finished-at="2024-07-22T16:10:37 IST" duration-ms="35290" status="PASS">
          <params>
            <param index="0">
              <value>
                <![CDATA[Chrome]]>
              </value>
            </param>
          </params>
          <reporter-output>
          </reporter-output>
        </test-method> <!-- crossBrowserTest -->
      </class> <!-- SeleniumGrid.AmazonParallelTest -->
    </test> <!-- Chrome Test -->
  </suite> <!-- Suite -->
</testng-results>
